Loading Wikipedia sentences...
Prepared 500 masked sentences.
Epoch 1, Loss: 0.9199
Epoch 2, Loss: 0.6675
Epoch 3, Loss: 0.6544
Epoch 4, Loss: 0.6059
Epoch 5, Loss: 0.5484
Epoch 6, Loss: 0.5355
Epoch 7, Loss: 0.4863
Epoch 8, Loss: 0.5016
Epoch 9, Loss: 0.4612
Epoch 10, Loss: 0.4691
Model saved to D:\SDE\Projects\Auto-Encoding\transformer-encoder-autoencoding\results\model_wiki.pth
Input: Alien Resurrection, fourth film in [MASK] franchise from 1997 by Jean-Pierre Jeunet
Output: ['Alien which least film in of franchise from 1997 by Alabama support']

Input: The Internet Assigned [MASK] Authority (IANA) prefers the name US-ASCII for this character encoding.
Output: ['The – Academy of and from Studies the name statuette); for this Maria at']

Input: Efthymios Nikolaïdis (ed.), Greek Alchemy from Late [MASK] to Early Modernity, Brepols, 2019, .
Output: ['as as (ed.), Greek Alchemy from Late of to is Alien Academy University .']

Input: "Writings of Ayn Rand" – from C-SPAN's [MASK] Writers: A Journey Through History
Output: ['"Writings of Ayn New – from C-SPAN\'s the Writers: A Journey Through History']

Input: An interview with Alain Connes and a discussion [MASK] it
Output: ['An producer with Alain was and a American a it']

